2026-03-04 16:46:36,876 - INFO - Starting with stations: roller
2026-03-04 16:46:36,877 - INFO - Starting production line coordinator...
2026-03-04 16:46:36,879 - WARNING - Comms error: Expecting value: line 1 column 1 (char 0)
2026-03-04 16:46:36,880 - WARNING - Comms error: 'ellipsis' object has no attribute 'write'
2026-03-04 16:46:36,881 - ERROR - Dispenser in ERROR
2026-03-04 16:46:36,881 - INFO - Advancing item from dispenser to roller
2026-03-04 16:46:36,881 - WARNING - Comms error: 'ellipsis' object has no attribute 'write'
2026-03-04 16:46:36,882 - ERROR - Roller in ERROR
2026-03-04 16:46:36,882 - INFO - Advancing item from roller to taper
2026-03-04 16:46:36,882 - INFO - Item completed pipeline!
2026-03-04 16:46:36,882 - ERROR - Global error! Pausing...
2026-03-04 16:46:36,983 - INFO - Item completed pipeline!
2026-03-04 16:46:36,984 - ERROR - Global error! Pausing...
2026-03-04 16:46:37,086 - INFO - Item completed pipeline!
2026-03-04 16:46:37,086 - ERROR - Global error! Pausing...
2026-03-04 16:46:37,188 - INFO - Item completed pipeline!
2026-03-04 16:46:37,189 - ERROR - Global error! Pausing...
2026-03-04 16:46:37,290 - INFO - Item completed pipeline!
2026-03-04 16:46:37,291 - ERROR - Global error! Pausing...
2026-03-04 16:46:37,393 - INFO - Item completed pipeline!
2026-03-04 16:46:37,394 - ERROR - Global error! Pausing...
2026-03-04 16:46:37,496 - INFO - Item completed pipeline!
2026-03-04 16:46:37,496 - ERROR - Global error! Pausing...
2026-03-04 16:46:37,598 - INFO - Item completed pipeline!
2026-03-04 16:46:37,599 - ERROR - Global error! Pausing...
2026-03-04 16:46:37,700 - INFO - Item completed pipeline!
2026-03-04 16:46:37,701 - ERROR - Global error! Pausing...
2026-03-04 16:46:37,803 - INFO - Item completed pipeline!
2026-03-04 16:46:37,804 - ERROR - Global error! Pausing...
2026-03-04 16:46:37,889 - WARNING - Comms error: Expecting value: line 1 column 1 (char 0)
2026-03-04 16:46:37,905 - INFO - Item completed pipeline!
2026-03-04 16:46:37,906 - ERROR - Global error! Pausing...
2026-03-04 16:46:38,007 - INFO - Item completed pipeline!
2026-03-04 16:46:38,008 - ERROR - Global error! Pausing...
2026-03-04 16:46:38,110 - INFO - Item completed pipeline!
2026-03-04 16:46:38,110 - ERROR - Global error! Pausing...
2026-03-04 16:46:38,212 - INFO - Item completed pipeline!
2026-03-04 16:46:38,213 - ERROR - Global error! Pausing...
2026-03-04 16:46:38,314 - INFO - Item completed pipeline!
2026-03-04 16:46:38,315 - ERROR - Global error! Pausing...
2026-03-04 16:46:38,416 - INFO - Item completed pipeline!
2026-03-04 16:46:38,417 - ERROR - Global error! Pausing...
2026-03-04 16:46:38,519 - INFO - Item completed pipeline!
2026-03-04 16:46:38,520 - ERROR - Global error! Pausing...
2026-03-04 16:46:38,621 - INFO - Item completed pipeline!
2026-03-04 16:46:38,622 - ERROR - Global error! Pausing...
2026-03-04 16:46:38,724 - INFO - Item completed pipeline!
2026-03-04 16:46:38,724 - ERROR - Global error! Pausing...
2026-03-04 16:46:38,825 - INFO - Item completed pipeline!
2026-03-04 16:46:38,826 - ERROR - Global error! Pausing...
2026-03-04 16:46:38,928 - INFO - Item completed pipeline!
2026-03-04 16:46:38,928 - ERROR - Global error! Pausing...
2026-03-04 16:46:39,030 - INFO - Item completed pipeline!
2026-03-04 16:46:39,031 - ERROR - Global error! Pausing...
2026-03-04 16:46:39,132 - INFO - Item completed pipeline!
2026-03-04 16:46:39,133 - ERROR - Global error! Pausing...
2026-03-04 16:46:39,235 - INFO - Item completed pipeline!
2026-03-04 16:46:39,236 - ERROR - Global error! Pausing...
2026-03-04 16:46:39,337 - INFO - Item completed pipeline!
2026-03-04 16:46:39,338 - ERROR - Global error! Pausing...
2026-03-04 16:46:39,439 - INFO - Item completed pipeline!
2026-03-04 16:46:39,440 - ERROR - Global error! Pausing...
2026-03-04 16:46:39,542 - INFO - Item completed pipeline!
2026-03-04 16:46:39,542 - ERROR - Global error! Pausing...
2026-03-04 16:46:39,644 - INFO - Item completed pipeline!
2026-03-04 16:46:39,645 - ERROR - Global error! Pausing...
2026-03-04 16:46:39,746 - INFO - Item completed pipeline!
2026-03-04 16:46:39,747 - ERROR - Global error! Pausing...
2026-03-04 16:46:39,848 - INFO - Item completed pipeline!
2026-03-04 16:46:39,849 - ERROR - Global error! Pausing...
2026-03-04 16:46:39,950 - INFO - Item completed pipeline!
2026-03-04 16:46:39,951 - ERROR - Global error! Pausing...
2026-03-04 16:46:40,052 - INFO - Item completed pipeline!
2026-03-04 16:46:40,053 - ERROR - Global error! Pausing...
2026-03-04 16:46:40,154 - INFO - Item completed pipeline!
2026-03-04 16:46:40,155 - ERROR - Global error! Pausing...
2026-03-04 16:46:40,256 - INFO - Item completed pipeline!
2026-03-04 16:46:40,257 - ERROR - Global error! Pausing...
2026-03-04 16:46:40,359 - INFO - Item completed pipeline!
2026-03-04 16:46:40,359 - ERROR - Global error! Pausing...
2026-03-04 16:46:40,461 - INFO - Item completed pipeline!
2026-03-04 16:46:40,462 - ERROR - Global error! Pausing...
2026-03-04 16:46:40,564 - INFO - Item completed pipeline!
2026-03-04 16:46:40,564 - ERROR - Global error! Pausing...
2026-03-04 16:46:40,666 - INFO - Item completed pipeline!
2026-03-04 16:46:40,666 - ERROR - Global error! Pausing...
2026-03-04 16:46:40,768 - INFO - Item completed pipeline!
2026-03-04 16:46:40,768 - ERROR - Global error! Pausing...
2026-03-04 16:46:40,870 - INFO - Item completed pipeline!
2026-03-04 16:46:40,871 - ERROR - Global error! Pausing...
2026-03-04 16:46:40,972 - INFO - Item completed pipeline!
2026-03-04 16:46:40,973 - ERROR - Global error! Pausing...
2026-03-04 16:46:41,075 - INFO - Item completed pipeline!
2026-03-04 16:46:41,075 - ERROR - Global error! Pausing...
2026-03-04 16:46:41,177 - INFO - Item completed pipeline!
2026-03-04 16:46:41,178 - ERROR - Global error! Pausing...
2026-03-04 16:46:41,279 - INFO - Item completed pipeline!
2026-03-04 16:46:41,280 - ERROR - Global error! Pausing...
2026-03-04 16:46:41,382 - INFO - Item completed pipeline!
2026-03-04 16:46:41,383 - ERROR - Global error! Pausing...
2026-03-04 16:46:41,484 - INFO - Item completed pipeline!
2026-03-04 16:46:41,485 - ERROR - Global error! Pausing...
2026-03-04 16:46:41,587 - INFO - Item completed pipeline!
2026-03-04 16:46:41,587 - ERROR - Global error! Pausing...
2026-03-04 16:46:41,689 - INFO - Item completed pipeline!
2026-03-04 16:46:41,690 - ERROR - Global error! Pausing...
2026-03-04 16:46:41,791 - INFO - Item completed pipeline!
2026-03-04 16:46:41,792 - ERROR - Global error! Pausing...
2026-03-04 16:46:41,894 - INFO - Item completed pipeline!
2026-03-04 16:46:41,895 - ERROR - Global error! Pausing...
2026-03-04 16:46:41,996 - INFO - Item completed pipeline!
2026-03-04 16:46:41,997 - ERROR - Global error! Pausing...
2026-03-04 16:46:42,098 - INFO - Item completed pipeline!
2026-03-04 16:46:42,099 - ERROR - Global error! Pausing...
2026-03-04 16:46:42,201 - INFO - Item completed pipeline!
2026-03-04 16:46:42,202 - ERROR - Global error! Pausing...
2026-03-04 16:46:42,303 - INFO - Item completed pipeline!
2026-03-04 16:46:42,304 - ERROR - Global error! Pausing...
2026-03-04 16:46:42,406 - INFO - Item completed pipeline!
2026-03-04 16:46:42,406 - ERROR - Global error! Pausing...
2026-03-04 16:46:42,507 - INFO - Item completed pipeline!
2026-03-04 16:46:42,508 - ERROR - Global error! Pausing...
2026-03-04 16:46:42,609 - INFO - Item completed pipeline!
2026-03-04 16:46:42,610 - ERROR - Global error! Pausing...
2026-03-04 16:46:42,712 - INFO - Item completed pipeline!
2026-03-04 16:46:42,712 - ERROR - Global error! Pausing...
2026-03-04 16:46:42,814 - INFO - Item completed pipeline!
2026-03-04 16:46:42,815 - ERROR - Global error! Pausing...
2026-03-04 16:46:42,917 - INFO - Item completed pipeline!
2026-03-04 16:46:42,917 - ERROR - Global error! Pausing...
2026-03-04 16:46:43,019 - INFO - Item completed pipeline!
2026-03-04 16:46:43,020 - ERROR - Global error! Pausing...
2026-03-04 16:46:43,121 - INFO - Item completed pipeline!
2026-03-04 16:46:43,122 - ERROR - Global error! Pausing...
2026-03-04 16:46:43,223 - INFO - Item completed pipeline!
2026-03-04 16:46:43,224 - ERROR - Global error! Pausing...
2026-03-04 16:46:43,326 - INFO - Item completed pipeline!
2026-03-04 16:46:43,326 - ERROR - Global error! Pausing...
2026-03-04 16:46:43,428 - INFO - Item completed pipeline!
2026-03-04 16:46:43,429 - ERROR - Global error! Pausing...
2026-03-04 16:46:43,530 - INFO - Item completed pipeline!
2026-03-04 16:46:43,531 - ERROR - Global error! Pausing...
2026-03-04 16:46:43,633 - INFO - Item completed pipeline!
2026-03-04 16:46:43,633 - ERROR - Global error! Pausing...
2026-03-04 16:46:43,735 - INFO - Item completed pipeline!
2026-03-04 16:46:43,735 - ERROR - Global error! Pausing...
2026-03-04 16:46:43,837 - INFO - Item completed pipeline!
2026-03-04 16:46:43,837 - ERROR - Global error! Pausing...
2026-03-04 16:46:43,939 - INFO - Item completed pipeline!
2026-03-04 16:46:43,940 - ERROR - Global error! Pausing...
2026-03-04 16:46:44,041 - INFO - Item completed pipeline!
2026-03-04 16:46:44,042 - ERROR - Global error! Pausing...
2026-03-04 16:46:44,143 - INFO - Item completed pipeline!
2026-03-04 16:46:44,143 - ERROR - Global error! Pausing...
2026-03-04 16:46:44,245 - INFO - Item completed pipeline!
2026-03-04 16:46:44,245 - ERROR - Global error! Pausing...
2026-03-04 16:46:44,346 - INFO - Item completed pipeline!
2026-03-04 16:46:44,347 - ERROR - Global error! Pausing...
2026-03-04 16:46:44,447 - INFO - Item completed pipeline!
2026-03-04 16:46:44,448 - ERROR - Global error! Pausing...
2026-03-04 16:46:44,550 - INFO - Item completed pipeline!
2026-03-04 16:46:44,551 - ERROR - Global error! Pausing...
2026-03-04 16:46:44,652 - INFO - Item completed pipeline!
2026-03-04 16:46:44,653 - ERROR - Global error! Pausing...
2026-03-04 16:46:44,754 - INFO - Item completed pipeline!
2026-03-04 16:46:44,755 - ERROR - Global error! Pausing...
2026-03-04 16:46:44,857 - INFO - Item completed pipeline!
2026-03-04 16:46:44,857 - ERROR - Global error! Pausing...
2026-03-04 16:46:44,963 - INFO - Item completed pipeline!
2026-03-04 16:46:44,963 - ERROR - Global error! Pausing...
2026-03-04 16:46:45,065 - INFO - Item completed pipeline!
2026-03-04 16:46:45,065 - ERROR - Global error! Pausing...
2026-03-04 16:46:45,166 - INFO - Item completed pipeline!
2026-03-04 16:46:45,167 - ERROR - Global error! Pausing...
2026-03-04 16:46:45,268 - INFO - Item completed pipeline!
2026-03-04 16:46:45,269 - ERROR - Global error! Pausing...
2026-03-04 16:46:45,371 - INFO - Item completed pipeline!
2026-03-04 16:46:45,372 - ERROR - Global error! Pausing...
2026-03-04 16:46:45,473 - INFO - Item completed pipeline!
2026-03-04 16:46:45,474 - ERROR - Global error! Pausing...
2026-03-04 16:46:45,576 - INFO - Item completed pipeline!
2026-03-04 16:46:45,577 - ERROR - Global error! Pausing...
2026-03-04 16:46:45,678 - INFO - Item completed pipeline!
2026-03-04 16:46:45,679 - ERROR - Global error! Pausing...
2026-03-04 16:46:45,781 - INFO - Item completed pipeline!
2026-03-04 16:46:45,781 - ERROR - Global error! Pausing...
2026-03-04 16:46:45,883 - INFO - Item completed pipeline!
2026-03-04 16:46:45,884 - ERROR - Global error! Pausing...
2026-03-04 16:46:45,985 - INFO - Item completed pipeline!
2026-03-04 16:46:45,986 - ERROR - Global error! Pausing...
2026-03-04 16:46:46,087 - INFO - Item completed pipeline!
2026-03-04 16:46:46,088 - ERROR - Global error! Pausing...
2026-03-04 16:46:46,189 - INFO - Item completed pipeline!
2026-03-04 16:46:46,190 - ERROR - Global error! Pausing...
2026-03-04 16:46:46,292 - INFO - Item completed pipeline!
2026-03-04 16:46:46,293 - ERROR - Global error! Pausing...
2026-03-04 16:46:46,394 - INFO - Item completed pipeline!
2026-03-04 16:46:46,394 - ERROR - Global error! Pausing...
2026-03-04 16:46:46,496 - INFO - Item completed pipeline!
2026-03-04 16:46:46,496 - ERROR - Global error! Pausing...
2026-03-04 16:46:46,597 - INFO - Item completed pipeline!
2026-03-04 16:46:46,598 - ERROR - Global error! Pausing...
2026-03-04 16:46:46,699 - INFO - Item completed pipeline!
2026-03-04 16:46:46,700 - ERROR - Global error! Pausing...
2026-03-04 16:46:46,801 - INFO - Item completed pipeline!
2026-03-04 16:46:46,802 - ERROR - Global error! Pausing...
2026-03-04 16:46:46,903 - INFO - Item completed pipeline!
2026-03-04 16:46:46,903 - ERROR - Global error! Pausing...
2026-03-04 16:46:47,005 - INFO - Item completed pipeline!
2026-03-04 16:46:47,005 - ERROR - Global error! Pausing...
2026-03-04 16:46:47,107 - INFO - Item completed pipeline!
2026-03-04 16:46:47,107 - ERROR - Global error! Pausing...
2026-03-04 16:46:47,209 - INFO - Item completed pipeline!
2026-03-04 16:46:47,209 - ERROR - Global error! Pausing...
2026-03-04 16:46:47,311 - INFO - Item completed pipeline!
2026-03-04 16:46:47,312 - ERROR - Global error! Pausing...
2026-03-04 16:46:47,414 - INFO - Item completed pipeline!
2026-03-04 16:46:47,414 - ERROR - Global error! Pausing...
2026-03-04 16:46:47,516 - INFO - Item completed pipeline!
2026-03-04 16:46:47,517 - ERROR - Global error! Pausing...
2026-03-04 16:46:47,618 - INFO - Item completed pipeline!
2026-03-04 16:46:47,619 - ERROR - Global error! Pausing...
2026-03-04 16:46:47,721 - INFO - Item completed pipeline!
2026-03-04 16:46:47,721 - ERROR - Global error! Pausing...
2026-03-04 16:46:47,823 - INFO - Item completed pipeline!
2026-03-04 16:46:47,824 - ERROR - Global error! Pausing...
2026-03-04 16:46:47,925 - INFO - Item completed pipeline!
2026-03-04 16:46:47,926 - ERROR - Global error! Pausing...
2026-03-04 16:46:48,028 - INFO - Item completed pipeline!
2026-03-04 16:46:48,029 - ERROR - Global error! Pausing...
2026-03-04 16:46:48,130 - INFO - Item completed pipeline!
2026-03-04 16:46:48,131 - ERROR - Global error! Pausing...
2026-03-04 16:46:48,233 - INFO - Item completed pipeline!
2026-03-04 16:46:48,234 - ERROR - Global error! Pausing...
2026-03-04 16:46:48,335 - INFO - Item completed pipeline!
2026-03-04 16:46:48,336 - ERROR - Global error! Pausing...
2026-03-04 16:46:48,438 - INFO - Item completed pipeline!
2026-03-04 16:46:48,438 - ERROR - Global error! Pausing...
2026-03-04 16:46:48,540 - INFO - Item completed pipeline!
2026-03-04 16:46:48,541 - ERROR - Global error! Pausing...
2026-03-04 16:46:48,643 - INFO - Item completed pipeline!
2026-03-04 16:46:48,643 - ERROR - Global error! Pausing...
2026-03-04 16:46:48,745 - INFO - Item completed pipeline!
2026-03-04 16:46:48,745 - ERROR - Global error! Pausing...
2026-03-04 16:46:48,846 - INFO - Item completed pipeline!
2026-03-04 16:46:48,847 - ERROR - Global error! Pausing...
2026-03-04 16:46:48,948 - INFO - Item completed pipeline!
2026-03-04 16:46:48,948 - ERROR - Global error! Pausing...
2026-03-04 16:46:49,050 - INFO - Item completed pipeline!
2026-03-04 16:46:49,050 - ERROR - Global error! Pausing...
2026-03-04 16:46:49,152 - INFO - Item completed pipeline!
2026-03-04 16:46:49,153 - ERROR - Global error! Pausing...
2026-03-04 16:46:49,254 - INFO - Item completed pipeline!
2026-03-04 16:46:49,255 - ERROR - Global error! Pausing...
2026-03-04 16:46:49,357 - INFO - Item completed pipeline!
2026-03-04 16:46:49,357 - ERROR - Global error! Pausing...
2026-03-04 16:46:49,458 - INFO - Item completed pipeline!
2026-03-04 16:46:49,459 - ERROR - Global error! Pausing...
2026-03-04 16:46:49,561 - INFO - Item completed pipeline!
2026-03-04 16:46:49,561 - ERROR - Global error! Pausing...
2026-03-04 16:46:49,663 - INFO - Item completed pipeline!
2026-03-04 16:46:49,663 - ERROR - Global error! Pausing...
2026-03-04 16:46:49,765 - INFO - Item completed pipeline!
2026-03-04 16:46:49,766 - ERROR - Global error! Pausing...
2026-03-04 16:46:49,868 - INFO - Item completed pipeline!
2026-03-04 16:46:49,869 - ERROR - Global error! Pausing...
2026-03-04 16:46:49,970 - INFO - Item completed pipeline!
2026-03-04 16:46:49,971 - ERROR - Global error! Pausing...
2026-03-04 16:46:50,072 - INFO - Item completed pipeline!
2026-03-04 16:46:50,073 - ERROR - Global error! Pausing...
2026-03-04 16:46:50,175 - INFO - Item completed pipeline!
2026-03-04 16:46:50,176 - ERROR - Global error! Pausing...
2026-03-04 16:46:50,277 - INFO - Item completed pipeline!
2026-03-04 16:46:50,278 - ERROR - Global error! Pausing...
2026-03-04 16:46:50,379 - INFO - Item completed pipeline!
2026-03-04 16:46:50,380 - ERROR - Global error! Pausing...
2026-03-04 16:46:50,482 - INFO - Item completed pipeline!
2026-03-04 16:46:50,482 - ERROR - Global error! Pausing...
2026-03-04 16:46:50,584 - INFO - Item completed pipeline!
2026-03-04 16:46:50,585 - ERROR - Global error! Pausing...
2026-03-04 16:46:50,686 - INFO - Item completed pipeline!
2026-03-04 16:46:50,687 - ERROR - Global error! Pausing...
2026-03-04 16:46:50,788 - INFO - Item completed pipeline!
2026-03-04 16:46:50,788 - ERROR - Global error! Pausing...
2026-03-04 16:46:50,890 - INFO - Item completed pipeline!
2026-03-04 16:46:50,891 - ERROR - Global error! Pausing...
2026-03-04 16:46:50,992 - INFO - Item completed pipeline!
2026-03-04 16:46:50,993 - ERROR - Global error! Pausing...
2026-03-04 16:46:51,094 - INFO - Item completed pipeline!
2026-03-04 16:46:51,095 - ERROR - Global error! Pausing...
2026-03-04 16:46:51,196 - INFO - Item completed pipeline!
2026-03-04 16:46:51,197 - ERROR - Global error! Pausing...
2026-03-04 16:46:51,299 - INFO - Item completed pipeline!
2026-03-04 16:46:51,299 - ERROR - Global error! Pausing...
2026-03-04 16:46:51,401 - INFO - Item completed pipeline!
2026-03-04 16:46:51,402 - ERROR - Global error! Pausing...
2026-03-04 16:46:51,503 - INFO - Item completed pipeline!
2026-03-04 16:46:51,504 - ERROR - Global error! Pausing...
2026-03-04 16:46:51,608 - INFO - Item completed pipeline!
2026-03-04 16:46:51,608 - ERROR - Global error! Pausing...
2026-03-04 16:46:51,710 - INFO - Item completed pipeline!
2026-03-04 16:46:51,710 - ERROR - Global error! Pausing...
2026-03-04 16:46:51,811 - INFO - Item completed pipeline!
2026-03-04 16:46:51,812 - ERROR - Global error! Pausing...
2026-03-04 16:46:51,913 - INFO - Item completed pipeline!
2026-03-04 16:46:51,914 - ERROR - Global error! Pausing...
2026-03-04 16:46:52,015 - INFO - Item completed pipeline!
2026-03-04 16:46:52,016 - ERROR - Global error! Pausing...
2026-03-04 16:46:52,118 - INFO - Item completed pipeline!
2026-03-04 16:46:52,119 - ERROR - Global error! Pausing...
2026-03-04 16:46:52,220 - INFO - Item completed pipeline!
2026-03-04 16:46:52,221 - ERROR - Global error! Pausing...
2026-03-04 16:46:52,322 - INFO - Item completed pipeline!
2026-03-04 16:46:52,323 - ERROR - Global error! Pausing...
2026-03-04 16:46:52,424 - INFO - Item completed pipeline!
2026-03-04 16:46:52,425 - ERROR - Global error! Pausing...
2026-03-04 16:46:52,526 - INFO - Item completed pipeline!
2026-03-04 16:46:52,527 - ERROR - Global error! Pausing...
2026-03-04 16:46:52,628 - INFO - Item completed pipeline!
2026-03-04 16:46:52,629 - ERROR - Global error! Pausing...
2026-03-04 16:46:52,730 - INFO - Item completed pipeline!
2026-03-04 16:46:52,731 - ERROR - Global error! Pausing...
2026-03-04 16:46:52,832 - INFO - Item completed pipeline!
2026-03-04 16:46:52,833 - ERROR - Global error! Pausing...
2026-03-04 16:46:52,934 - INFO - Item completed pipeline!
2026-03-04 16:46:52,935 - ERROR - Global error! Pausing...
2026-03-04 16:46:53,042 - INFO - Item completed pipeline!
2026-03-04 16:46:53,043 - ERROR - Global error! Pausing...
2026-03-04 16:46:53,144 - INFO - Item completed pipeline!
2026-03-04 16:46:53,145 - ERROR - Global error! Pausing...
2026-03-04 16:46:53,246 - INFO - Item completed pipeline!
2026-03-04 16:46:53,247 - ERROR - Global error! Pausing...
2026-03-04 16:46:53,348 - INFO - Item completed pipeline!
2026-03-04 16:46:53,349 - ERROR - Global error! Pausing...
2026-03-04 16:46:53,451 - INFO - Item completed pipeline!
2026-03-04 16:46:53,452 - ERROR - Global error! Pausing...
2026-03-04 16:46:53,553 - INFO - Item completed pipeline!
2026-03-04 16:46:53,554 - ERROR - Global error! Pausing...
2026-03-04 16:46:53,654 - INFO - Item completed pipeline!
2026-03-04 16:46:53,655 - ERROR - Global error! Pausing...
2026-03-04 16:46:53,757 - INFO - Item completed pipeline!
2026-03-04 16:46:53,757 - ERROR - Global error! Pausing...
2026-03-04 16:46:53,859 - INFO - Item completed pipeline!
2026-03-04 16:46:53,859 - ERROR - Global error! Pausing...
2026-03-04 16:46:53,960 - INFO - Item completed pipeline!
2026-03-04 16:46:53,961 - ERROR - Global error! Pausing...
2026-03-04 16:46:54,062 - INFO - Item completed pipeline!
2026-03-04 16:46:54,062 - ERROR - Global error! Pausing...
2026-03-04 16:46:54,163 - INFO - Item completed pipeline!
2026-03-04 16:46:54,164 - ERROR - Global error! Pausing...
2026-03-04 16:46:54,265 - INFO - Item completed pipeline!
2026-03-04 16:46:54,266 - ERROR - Global error! Pausing...
2026-03-04 16:46:54,367 - INFO - Item completed pipeline!
2026-03-04 16:46:54,368 - ERROR - Global error! Pausing...
2026-03-04 16:46:54,469 - INFO - Item completed pipeline!
2026-03-04 16:46:54,470 - ERROR - Global error! Pausing...
2026-03-04 16:46:54,571 - INFO - Item completed pipeline!
2026-03-04 16:46:54,572 - ERROR - Global error! Pausing...
2026-03-04 16:46:54,674 - INFO - Item completed pipeline!
2026-03-04 16:46:54,674 - ERROR - Global error! Pausing...
2026-03-04 16:46:54,776 - INFO - Item completed pipeline!
2026-03-04 16:46:54,776 - ERROR - Global error! Pausing...
2026-03-04 16:46:54,877 - INFO - Item completed pipeline!
2026-03-04 16:46:54,878 - ERROR - Global error! Pausing...
2026-03-04 16:46:54,979 - INFO - Item completed pipeline!
2026-03-04 16:46:54,980 - ERROR - Global error! Pausing...
2026-03-04 16:46:55,081 - INFO - Item completed pipeline!
2026-03-04 16:46:55,081 - ERROR - Global error! Pausing...
2026-03-04 16:46:55,183 - INFO - Item completed pipeline!
2026-03-04 16:46:55,183 - ERROR - Global error! Pausing...
2026-03-04 16:46:55,285 - INFO - Item completed pipeline!
2026-03-04 16:46:55,286 - ERROR - Global error! Pausing...
2026-03-04 16:46:55,387 - INFO - Item completed pipeline!
2026-03-04 16:46:55,388 - ERROR - Global error! Pausing...
2026-03-04 16:46:55,490 - INFO - Item completed pipeline!
2026-03-04 16:46:55,491 - ERROR - Global error! Pausing...
2026-03-04 16:46:55,592 - INFO - Item completed pipeline!
2026-03-04 16:46:55,593 - ERROR - Global error! Pausing...
2026-03-04 16:46:55,694 - INFO - Item completed pipeline!
2026-03-04 16:46:55,695 - ERROR - Global error! Pausing...
2026-03-04 16:46:55,796 - INFO - Item completed pipeline!
2026-03-04 16:46:55,797 - ERROR - Global error! Pausing...
2026-03-04 16:46:55,898 - INFO - Item completed pipeline!
2026-03-04 16:46:55,898 - ERROR - Global error! Pausing...
2026-03-04 16:46:56,000 - INFO - Item completed pipeline!
2026-03-04 16:46:56,000 - ERROR - Global error! Pausing...
2026-03-04 16:46:56,102 - INFO - Item completed pipeline!
2026-03-04 16:46:56,103 - ERROR - Global error! Pausing...
2026-03-04 16:46:56,205 - INFO - Item completed pipeline!
2026-03-04 16:46:56,206 - ERROR - Global error! Pausing...
2026-03-04 16:46:56,307 - INFO - Item completed pipeline!
2026-03-04 16:46:56,308 - ERROR - Global error! Pausing...
2026-03-04 16:46:56,409 - INFO - Item completed pipeline!
2026-03-04 16:46:56,410 - ERROR - Global error! Pausing...
2026-03-04 16:46:56,512 - INFO - Item completed pipeline!
2026-03-04 16:46:56,512 - ERROR - Global error! Pausing...
2026-03-04 16:46:56,613 - INFO - Item completed pipeline!
2026-03-04 16:46:56,613 - ERROR - Global error! Pausing...
2026-03-04 16:46:56,715 - INFO - Item completed pipeline!
2026-03-04 16:46:56,715 - ERROR - Global error! Pausing...
2026-03-04 16:46:56,817 - INFO - Item completed pipeline!
2026-03-04 16:46:56,817 - ERROR - Global error! Pausing...
2026-03-04 16:46:56,919 - INFO - Item completed pipeline!
2026-03-04 16:46:56,919 - ERROR - Global error! Pausing...
2026-03-04 16:46:57,021 - INFO - Item completed pipeline!
2026-03-04 16:46:57,021 - ERROR - Global error! Pausing...
2026-03-04 16:46:57,123 - INFO - Item completed pipeline!
2026-03-04 16:46:57,124 - ERROR - Global error! Pausing...
2026-03-04 16:46:57,225 - INFO - Item completed pipeline!
2026-03-04 16:46:57,226 - ERROR - Global error! Pausing...
2026-03-04 16:46:57,327 - INFO - Item completed pipeline!
2026-03-04 16:46:57,328 - ERROR - Global error! Pausing...
2026-03-04 16:46:57,429 - INFO - Item completed pipeline!
2026-03-04 16:46:57,430 - ERROR - Global error! Pausing...
2026-03-04 16:46:57,532 - INFO - Item completed pipeline!
2026-03-04 16:46:57,533 - ERROR - Global error! Pausing...
2026-03-04 16:46:57,634 - INFO - Item completed pipeline!
2026-03-04 16:46:57,635 - ERROR - Global error! Pausing...
2026-03-04 16:46:57,737 - INFO - Item completed pipeline!
2026-03-04 16:46:57,738 - ERROR - Global error! Pausing...
2026-03-04 16:46:57,839 - INFO - Item completed pipeline!
2026-03-04 16:46:57,840 - ERROR - Global error! Pausing...
2026-03-04 16:46:57,941 - INFO - Item completed pipeline!
2026-03-04 16:46:57,942 - ERROR - Global error! Pausing...
2026-03-04 16:46:58,043 - INFO - Item completed pipeline!
2026-03-04 16:46:58,044 - ERROR - Global error! Pausing...
2026-03-04 16:46:58,146 - INFO - Item completed pipeline!
2026-03-04 16:46:58,146 - ERROR - Global error! Pausing...
2026-03-04 16:46:58,248 - INFO - Item completed pipeline!
2026-03-04 16:46:58,248 - ERROR - Global error! Pausing...
2026-03-04 16:46:58,349 - INFO - Item completed pipeline!
2026-03-04 16:46:58,350 - ERROR - Global error! Pausing...
2026-03-04 16:46:58,451 - INFO - Item completed pipeline!
2026-03-04 16:46:58,452 - ERROR - Global error! Pausing...
2026-03-04 16:46:58,553 - INFO - Item completed pipeline!
2026-03-04 16:46:58,554 - ERROR - Global error! Pausing...
2026-03-04 16:46:58,655 - INFO - Item completed pipeline!
2026-03-04 16:46:58,656 - ERROR - Global error! Pausing...
2026-03-04 16:46:58,757 - INFO - Item completed pipeline!
2026-03-04 16:46:58,758 - ERROR - Global error! Pausing...
2026-03-04 16:46:58,859 - INFO - Item completed pipeline!
2026-03-04 16:46:58,860 - ERROR - Global error! Pausing...
2026-03-04 16:46:58,961 - INFO - Item completed pipeline!
2026-03-04 16:46:58,962 - ERROR - Global error! Pausing...
2026-03-04 16:46:59,064 - INFO - Item completed pipeline!
2026-03-04 16:46:59,065 - ERROR - Global error! Pausing...
2026-03-04 16:46:59,166 - INFO - Item completed pipeline!
2026-03-04 16:46:59,167 - ERROR - Global error! Pausing...
2026-03-04 16:46:59,269 - INFO - Item completed pipeline!
2026-03-04 16:46:59,270 - ERROR - Global error! Pausing...
2026-03-04 16:46:59,371 - INFO - Item completed pipeline!
2026-03-04 16:46:59,372 - ERROR - Global error! Pausing...
2026-03-04 16:46:59,474 - INFO - Item completed pipeline!
2026-03-04 16:46:59,474 - ERROR - Global error! Pausing...
2026-03-04 16:46:59,576 - INFO - Item completed pipeline!
2026-03-04 16:46:59,577 - ERROR - Global error! Pausing...
2026-03-04 16:46:59,678 - INFO - Item completed pipeline!
2026-03-04 16:46:59,679 - ERROR - Global error! Pausing...
2026-03-04 16:46:59,780 - INFO - Item completed pipeline!
2026-03-04 16:46:59,781 - ERROR - Global error! Pausing...
2026-03-04 16:46:59,883 - INFO - Item completed pipeline!
2026-03-04 16:46:59,884 - ERROR - Global error! Pausing...
2026-03-04 16:46:59,985 - INFO - Item completed pipeline!
2026-03-04 16:46:59,986 - ERROR - Global error! Pausing...
2026-03-04 16:47:00,087 - INFO - Item completed pipeline!
2026-03-04 16:47:00,088 - ERROR - Global error! Pausing...
2026-03-04 16:47:00,189 - INFO - Item completed pipeline!
2026-03-04 16:47:00,190 - ERROR - Global error! Pausing...
2026-03-04 16:47:00,291 - INFO - Item completed pipeline!
2026-03-04 16:47:00,292 - ERROR - Global error! Pausing...
2026-03-04 16:47:00,393 - INFO - Item completed pipeline!
2026-03-04 16:47:00,394 - ERROR - Global error! Pausing...
2026-03-04 16:47:00,495 - INFO - Item completed pipeline!
2026-03-04 16:47:00,496 - ERROR - Global error! Pausing...
2026-03-04 16:47:00,598 - INFO - Item completed pipeline!
2026-03-04 16:47:00,599 - ERROR - Global error! Pausing...
2026-03-04 16:47:00,700 - INFO - Item completed pipeline!
2026-03-04 16:47:00,701 - ERROR - Global error! Pausing...
2026-03-04 16:47:00,803 - INFO - Item completed pipeline!
2026-03-04 16:47:00,804 - ERROR - Global error! Pausing...
2026-03-04 16:47:00,905 - INFO - Item completed pipeline!
2026-03-04 16:47:00,906 - ERROR - Global error! Pausing...
2026-03-04 16:47:01,007 - INFO - Item completed pipeline!
2026-03-04 16:47:01,008 - ERROR - Global error! Pausing...
2026-03-04 16:47:01,113 - INFO - Item completed pipeline!
2026-03-04 16:47:01,114 - ERROR - Global error! Pausing...
2026-03-04 16:47:01,216 - INFO - Item completed pipeline!
2026-03-04 16:47:01,216 - ERROR - Global error! Pausing...
2026-03-04 16:47:01,318 - INFO - Item completed pipeline!
2026-03-04 16:47:01,318 - ERROR - Global error! Pausing...
2026-03-04 16:47:01,420 - INFO - Item completed pipeline!
2026-03-04 16:47:01,420 - ERROR - Global error! Pausing...
2026-03-04 16:47:01,521 - INFO - Item completed pipeline!
2026-03-04 16:47:01,521 - ERROR - Global error! Pausing...
2026-03-04 16:47:01,622 - INFO - Item completed pipeline!
2026-03-04 16:47:01,622 - ERROR - Global error! Pausing...
2026-03-04 16:47:01,723 - INFO - Item completed pipeline!
2026-03-04 16:47:01,724 - ERROR - Global error! Pausing...
2026-03-04 16:47:01,826 - INFO - Item completed pipeline!
2026-03-04 16:47:01,827 - ERROR - Global error! Pausing...
2026-03-04 16:47:01,928 - INFO - Item completed pipeline!
2026-03-04 16:47:01,929 - ERROR - Global error! Pausing...
2026-03-04 16:47:02,030 - INFO - Item completed pipeline!
2026-03-04 16:47:02,030 - ERROR - Global error! Pausing...
2026-03-04 16:47:02,131 - INFO - Item completed pipeline!
2026-03-04 16:47:02,132 - ERROR - Global error! Pausing...
2026-03-04 16:47:02,233 - INFO - Item completed pipeline!
2026-03-04 16:47:02,233 - ERROR - Global error! Pausing...
2026-03-04 16:47:02,335 - INFO - Item completed pipeline!
2026-03-04 16:47:02,335 - ERROR - Global error! Pausing...
2026-03-04 16:47:02,436 - INFO - Item completed pipeline!
2026-03-04 16:47:02,436 - ERROR - Global error! Pausing...
2026-03-04 16:47:02,538 - INFO - Item completed pipeline!
2026-03-04 16:47:02,539 - ERROR - Global error! Pausing...
2026-03-04 16:47:02,640 - INFO - Item completed pipeline!
2026-03-04 16:47:02,641 - ERROR - Global error! Pausing...
2026-03-04 16:47:02,743 - INFO - Item completed pipeline!
2026-03-04 16:47:02,743 - ERROR - Global error! Pausing...
2026-03-04 16:47:02,845 - INFO - Item completed pipeline!
2026-03-04 16:47:02,846 - ERROR - Global error! Pausing...
2026-03-04 16:47:02,947 - INFO - Item completed pipeline!
2026-03-04 16:47:02,948 - ERROR - Global error! Pausing...
2026-03-04 16:47:03,049 - INFO - Item completed pipeline!
2026-03-04 16:47:03,050 - ERROR - Global error! Pausing...
2026-03-04 16:47:03,151 - INFO - Item completed pipeline!
2026-03-04 16:47:03,152 - ERROR - Global error! Pausing...
2026-03-04 16:47:03,253 - INFO - Item completed pipeline!
2026-03-04 16:47:03,254 - ERROR - Global error! Pausing...
2026-03-04 16:47:03,356 - INFO - Item completed pipeline!
2026-03-04 16:47:03,356 - ERROR - Global error! Pausing...
2026-03-04 16:47:03,458 - INFO - Item completed pipeline!
2026-03-04 16:47:03,459 - ERROR - Global error! Pausing...
2026-03-04 16:47:03,560 - INFO - Item completed pipeline!
2026-03-04 16:47:03,561 - ERROR - Global error! Pausing...
2026-03-04 16:47:03,662 - INFO - Item completed pipeline!
2026-03-04 16:47:03,663 - ERROR - Global error! Pausing...
2026-03-04 16:47:03,765 - INFO - Item completed pipeline!
2026-03-04 16:47:03,766 - ERROR - Global error! Pausing...
2026-03-04 16:47:03,867 - INFO - Item completed pipeline!
2026-03-04 16:47:03,868 - ERROR - Global error! Pausing...
2026-03-04 16:47:03,970 - INFO - Item completed pipeline!
2026-03-04 16:47:03,970 - ERROR - Global error! Pausing...
2026-03-04 16:47:04,072 - INFO - Item completed pipeline!
2026-03-04 16:47:04,073 - ERROR - Global error! Pausing...
2026-03-04 16:47:04,174 - INFO - Item completed pipeline!
2026-03-04 16:47:04,174 - ERROR - Global error! Pausing...
2026-03-04 16:47:04,276 - INFO - Item completed pipeline!
2026-03-04 16:47:04,277 - ERROR - Global error! Pausing...
2026-03-04 16:47:04,378 - INFO - Item completed pipeline!
2026-03-04 16:47:04,379 - ERROR - Global error! Pausing...
2026-03-04 16:47:04,481 - INFO - Item completed pipeline!
2026-03-04 16:47:04,482 - ERROR - Global error! Pausing...
2026-03-04 16:47:04,584 - INFO - Item completed pipeline!
2026-03-04 16:47:04,584 - ERROR - Global error! Pausing...
2026-03-05 10:01:20,900 - INFO - Active pipeline: roller
2026-03-05 10:01:20,900 - INFO - Starting with stations: roller
2026-03-05 10:01:20,901 - INFO - Starting production line coordinator...
2026-03-05 10:01:54,892 - INFO - Active pipeline: roller
2026-03-05 10:01:54,893 - INFO - Starting with stations: roller
2026-03-05 10:01:54,893 - INFO - Starting production line coordinator...
2026-03-05 10:02:48,276 - INFO - Active pipeline: roller
2026-03-05 10:02:48,277 - INFO - Starting with stations: roller
2026-03-05 10:02:48,277 - INFO - Starting production line coordinator...
2026-03-05 10:05:00,482 - INFO - Active pipeline: roller
2026-03-05 10:05:00,482 - INFO - Starting with stations: roller
2026-03-05 10:05:00,484 - INFO - Starting production line coordinator... Type 'help' for commands.
2026-03-05 10:07:34,559 - INFO - Active pipeline: roller
2026-03-05 10:07:34,559 - INFO - Starting with stations: roller
2026-03-05 10:07:34,560 - INFO - Starting production line coordinator... Type 'help' for commands.
2026-03-05 10:07:38,006 - INFO - Manually triggering: roller
2026-03-05 10:07:39,062 - INFO -   roller response: Stepper + Beam Sensor Interrupt Ready. Send input to trigger motor.
2026-03-05 10:07:39,063 - INFO -   roller response: Input received! Starting 1-second motor turn...
2026-03-05 10:09:08,763 - INFO - Active pipeline: roller
2026-03-05 10:09:08,764 - INFO - Starting with stations: roller
2026-03-05 10:09:08,764 - INFO - Starting production line coordinator... Type 'help' for commands.
2026-03-05 10:09:13,921 - INFO - Manually triggering: roller
2026-03-05 10:09:14,978 - INFO -   roller response: Stepper + Beam Sensor Interrupt Ready. Send input to trigger motor.
2026-03-05 10:09:14,979 - INFO -   roller response: Input received! Starting 1-second motor turn...
2026-03-05 13:32:37,297 - INFO - Active pipeline: roller
2026-03-05 13:32:37,297 - INFO - Starting with stations: roller
2026-03-05 13:32:37,298 - INFO - Starting production line coordinator... Type 'help' for commands.
2026-03-05 13:32:40,465 - INFO - Triggering: roller
2026-03-05 13:32:41,519 - INFO -   roller response: {'status': 'done'}
2026-03-05 13:33:06,010 - INFO - Triggering: roller
2026-03-05 13:33:07,065 - INFO -   roller response: {'status': 'done'}
2026-03-05 13:33:10,975 - INFO - Triggering: roller
2026-03-05 13:33:12,030 - INFO -   roller response: {'status': 'done'}
